Determining if the pthread_create exist failed with the following output:
Change Dir: /home/ana/collision_system_ws/build/CMakeFiles/CMakeTmp

Run Build Command:"/usr/bin/make" "cmTC_669c3/fast"
/usr/bin/make -f CMakeFiles/cmTC_669c3.dir/build.make CMakeFiles/cmTC_669c3.dir/build
make[1]: Entering directory '/home/ana/collision_system_ws/build/CMakeFiles/CMakeTmp'
Building C object CMakeFiles/cmTC_669c3.dir/CheckSymbolExists.c.o
/usr/bin/cc     -o CMakeFiles/cmTC_669c3.dir/CheckSymbolExists.c.o   -c /home/ana/collision_system_ws/build/CMakeFiles/CMakeTmp/CheckSymbolExists.c
Linking C executable cmTC_669c3
/usr/bin/cmake -E cmake_link_script CMakeFiles/cmTC_669c3.dir/link.txt --verbose=1
/usr/bin/cc       CMakeFiles/cmTC_669c3.dir/CheckSymbolExists.c.o  -o cmTC_669c3 -rdynamic 
CMakeFiles/cmTC_669c3.dir/CheckSymbolExists.c.o: In function `main':
CheckSymbolExists.c:(.text+0x16): undefined reference to `pthread_create'
collect2: error: ld returned 1 exit status
CMakeFiles/cmTC_669c3.dir/build.make:97: recipe for target 'cmTC_669c3' failed
make[1]: *** [cmTC_669c3] Error 1
make[1]: Leaving directory '/home/ana/collision_system_ws/build/CMakeFiles/CMakeTmp'
Makefile:126: recipe for target 'cmTC_669c3/fast' failed
make: *** [cmTC_669c3/fast] Error 2

File /home/ana/collision_system_ws/build/CMakeFiles/CMakeTmp/CheckSymbolExists.c:
/* */
#include <pthread.h>

int main(int argc, char** argv)
{
  (void)argv;
#ifndef pthread_create
  return ((int*)(&pthread_create))[argc];
#else
  (void)argc;
  return 0;
#endif
}

Determining if the function pthread_create exists in the pthreads failed with the following output:
Change Dir: /home/ana/collision_system_ws/build/CMakeFiles/CMakeTmp

Run Build Command:"/usr/bin/make" "cmTC_2f299/fast"
/usr/bin/make -f CMakeFiles/cmTC_2f299.dir/build.make CMakeFiles/cmTC_2f299.dir/build
make[1]: Entering directory '/home/ana/collision_system_ws/build/CMakeFiles/CMakeTmp'
Building C object CMakeFiles/cmTC_2f299.dir/CheckFunctionExists.c.o
/usr/bin/cc    -DCHECK_FUNCTION_EXISTS=pthread_create   -o CMakeFiles/cmTC_2f299.dir/CheckFunctionExists.c.o   -c /usr/share/cmake-3.5/Modules/CheckFunctionExists.c
Linking C executable cmTC_2f299
/usr/bin/cmake -E cmake_link_script CMakeFiles/cmTC_2f299.dir/link.txt --verbose=1
/usr/bin/cc   -DCHECK_FUNCTION_EXISTS=pthread_create    CMakeFiles/cmTC_2f299.dir/CheckFunctionExists.c.o  -o cmTC_2f299 -rdynamic -lpthreads 
/usr/bin/ld: cannot find -lpthreads
collect2: error: ld returned 1 exit status
CMakeFiles/cmTC_2f299.dir/build.make:97: recipe for target 'cmTC_2f299' failed
make[1]: *** [cmTC_2f299] Error 1
make[1]: Leaving directory '/home/ana/collision_system_ws/build/CMakeFiles/CMakeTmp'
Makefile:126: recipe for target 'cmTC_2f299/fast' failed
make: *** [cmTC_2f299/fast] Error 2


Determining if the CL_VERSION_2_0 exist failed with the following output:
Change Dir: /home/ana/collision_system_ws/build/CMakeFiles/CMakeTmp

Run Build Command:"/usr/bin/make" "cmTC_0bfad/fast"
/usr/bin/make -f CMakeFiles/cmTC_0bfad.dir/build.make CMakeFiles/cmTC_0bfad.dir/build
make[1]: Entering directory '/home/ana/collision_system_ws/build/CMakeFiles/CMakeTmp'
Building C object CMakeFiles/cmTC_0bfad.dir/CheckSymbolExists.c.o
/usr/bin/cc     -o CMakeFiles/cmTC_0bfad.dir/CheckSymbolExists.c.o   -c /home/ana/collision_system_ws/build/CMakeFiles/CMakeTmp/CheckSymbolExists.c
/home/ana/collision_system_ws/build/CMakeFiles/CMakeTmp/CheckSymbolExists.c:2:47: fatal error: OpenCL_INCLUDE_DIR-NOTFOUND/CL/cl.h: No such file or directory
compilation terminated.
CMakeFiles/cmTC_0bfad.dir/build.make:65: recipe for target 'CMakeFiles/cmTC_0bfad.dir/CheckSymbolExists.c.o' failed
make[1]: *** [CMakeFiles/cmTC_0bfad.dir/CheckSymbolExists.c.o] Error 1
make[1]: Leaving directory '/home/ana/collision_system_ws/build/CMakeFiles/CMakeTmp'
Makefile:126: recipe for target 'cmTC_0bfad/fast' failed
make: *** [cmTC_0bfad/fast] Error 2

File /home/ana/collision_system_ws/build/CMakeFiles/CMakeTmp/CheckSymbolExists.c:
/* */
#include <OpenCL_INCLUDE_DIR-NOTFOUND/CL/cl.h>

int main(int argc, char** argv)
{
  (void)argv;
#ifndef CL_VERSION_2_0
  return ((int*)(&CL_VERSION_2_0))[argc];
#else
  (void)argc;
  return 0;
#endif
}

Determining if the CL_VERSION_1_2 exist failed with the following output:
Change Dir: /home/ana/collision_system_ws/build/CMakeFiles/CMakeTmp

Run Build Command:"/usr/bin/make" "cmTC_1e23c/fast"
/usr/bin/make -f CMakeFiles/cmTC_1e23c.dir/build.make CMakeFiles/cmTC_1e23c.dir/build
make[1]: Entering directory '/home/ana/collision_system_ws/build/CMakeFiles/CMakeTmp'
Building C object CMakeFiles/cmTC_1e23c.dir/CheckSymbolExists.c.o
/usr/bin/cc     -o CMakeFiles/cmTC_1e23c.dir/CheckSymbolExists.c.o   -c /home/ana/collision_system_ws/build/CMakeFiles/CMakeTmp/CheckSymbolExists.c
/home/ana/collision_system_ws/build/CMakeFiles/CMakeTmp/CheckSymbolExists.c:2:47: fatal error: OpenCL_INCLUDE_DIR-NOTFOUND/CL/cl.h: No such file or directory
compilation terminated.
CMakeFiles/cmTC_1e23c.dir/build.make:65: recipe for target 'CMakeFiles/cmTC_1e23c.dir/CheckSymbolExists.c.o' failed
make[1]: *** [CMakeFiles/cmTC_1e23c.dir/CheckSymbolExists.c.o] Error 1
make[1]: Leaving directory '/home/ana/collision_system_ws/build/CMakeFiles/CMakeTmp'
Makefile:126: recipe for target 'cmTC_1e23c/fast' failed
make: *** [cmTC_1e23c/fast] Error 2

File /home/ana/collision_system_ws/build/CMakeFiles/CMakeTmp/CheckSymbolExists.c:
/* */
#include <OpenCL_INCLUDE_DIR-NOTFOUND/CL/cl.h>

int main(int argc, char** argv)
{
  (void)argv;
#ifndef CL_VERSION_1_2
  return ((int*)(&CL_VERSION_1_2))[argc];
#else
  (void)argc;
  return 0;
#endif
}

Determining if the CL_VERSION_1_1 exist failed with the following output:
Change Dir: /home/ana/collision_system_ws/build/CMakeFiles/CMakeTmp

Run Build Command:"/usr/bin/make" "cmTC_14956/fast"
/usr/bin/make -f CMakeFiles/cmTC_14956.dir/build.make CMakeFiles/cmTC_14956.dir/build
make[1]: Entering directory '/home/ana/collision_system_ws/build/CMakeFiles/CMakeTmp'
Building C object CMakeFiles/cmTC_14956.dir/CheckSymbolExists.c.o
/usr/bin/cc     -o CMakeFiles/cmTC_14956.dir/CheckSymbolExists.c.o   -c /home/ana/collision_system_ws/build/CMakeFiles/CMakeTmp/CheckSymbolExists.c
/home/ana/collision_system_ws/build/CMakeFiles/CMakeTmp/CheckSymbolExists.c:2:47: fatal error: OpenCL_INCLUDE_DIR-NOTFOUND/CL/cl.h: No such file or directory
compilation terminated.
CMakeFiles/cmTC_14956.dir/build.make:65: recipe for target 'CMakeFiles/cmTC_14956.dir/CheckSymbolExists.c.o' failed
make[1]: *** [CMakeFiles/cmTC_14956.dir/CheckSymbolExists.c.o] Error 1
make[1]: Leaving directory '/home/ana/collision_system_ws/build/CMakeFiles/CMakeTmp'
Makefile:126: recipe for target 'cmTC_14956/fast' failed
make: *** [cmTC_14956/fast] Error 2

File /home/ana/collision_system_ws/build/CMakeFiles/CMakeTmp/CheckSymbolExists.c:
/* */
#include <OpenCL_INCLUDE_DIR-NOTFOUND/CL/cl.h>

int main(int argc, char** argv)
{
  (void)argv;
#ifndef CL_VERSION_1_1
  return ((int*)(&CL_VERSION_1_1))[argc];
#else
  (void)argc;
  return 0;
#endif
}

Determining if the CL_VERSION_1_0 exist failed with the following output:
Change Dir: /home/ana/collision_system_ws/build/CMakeFiles/CMakeTmp

Run Build Command:"/usr/bin/make" "cmTC_4d705/fast"
/usr/bin/make -f CMakeFiles/cmTC_4d705.dir/build.make CMakeFiles/cmTC_4d705.dir/build
make[1]: Entering directory '/home/ana/collision_system_ws/build/CMakeFiles/CMakeTmp'
Building C object CMakeFiles/cmTC_4d705.dir/CheckSymbolExists.c.o
/usr/bin/cc     -o CMakeFiles/cmTC_4d705.dir/CheckSymbolExists.c.o   -c /home/ana/collision_system_ws/build/CMakeFiles/CMakeTmp/CheckSymbolExists.c
/home/ana/collision_system_ws/build/CMakeFiles/CMakeTmp/CheckSymbolExists.c:2:47: fatal error: OpenCL_INCLUDE_DIR-NOTFOUND/CL/cl.h: No such file or directory
compilation terminated.
CMakeFiles/cmTC_4d705.dir/build.make:65: recipe for target 'CMakeFiles/cmTC_4d705.dir/CheckSymbolExists.c.o' failed
make[1]: *** [CMakeFiles/cmTC_4d705.dir/CheckSymbolExists.c.o] Error 1
make[1]: Leaving directory '/home/ana/collision_system_ws/build/CMakeFiles/CMakeTmp'
Makefile:126: recipe for target 'cmTC_4d705/fast' failed
make: *** [cmTC_4d705/fast] Error 2

File /home/ana/collision_system_ws/build/CMakeFiles/CMakeTmp/CheckSymbolExists.c:
/* */
#include <OpenCL_INCLUDE_DIR-NOTFOUND/CL/cl.h>

int main(int argc, char** argv)
{
  (void)argv;
#ifndef CL_VERSION_1_0
  return ((int*)(&CL_VERSION_1_0))[argc];
#else
  (void)argc;
  return 0;
#endif
}

